<?xml version="1.0" encoding="UTF-8"?>
<!-- Generated by org.testng.reporters.JUnitXMLReporter -->
<testsuite hostname="VARUNKUMAR_S" name="VerifyWelcomePageOnfirefox" tests="11" failures="0" timestamp="4 Sep 2014 18:29:36 GMT" time="14101.797" errors="0">
  <testcase name="@BeforeTest setUp" time="0.0" classname="com.photon.phresco.testcases.JavaWebServiceTest">
    <failure type="org.openqa.selenium.remote.UnreachableBrowserException" message="Could not start a new session. Possible causes are invalid address of the remote server or browser start-up failure.
Build info: version: &amp;apos;2.37.0&amp;apos;, revision: &amp;apos;a7c61cb&amp;apos;, time: &amp;apos;2013-10-18 17:14:00&amp;apos;
System info: host: &amp;apos;VARUNKUMAR_S&amp;apos;, ip: &amp;apos;172.16.27.142&amp;apos;, os.name: &amp;apos;Windows 8&amp;apos;, os.arch: &amp;apos;amd64&amp;apos;, os.version: &amp;apos;6.2&amp;apos;, java.version: &amp;apos;1.7.0_51&amp;apos;
Driver info: driver.version: RemoteWebDriver">
      <![CDATA[org.openqa.selenium.remote.UnreachableBrowserException: Could not start a new session. Possible causes are invalid address of the remote server or browser start-up failure.
Build info: version: '2.37.0', revision: 'a7c61cb', time: '2013-10-18 17:14:00'
System info: host: 'VARUNKUMAR_S', ip: '172.16.27.142', os.name: 'Windows 8', os.arch: 'amd64', os.version: '6.2', java.version: '1.7.0_51'
Driver info: driver.version: RemoteWebDriver
	at org.openqa.selenium.remote.RemoteWebDriver.execute(RemoteWebDriver.java:548)
	at org.openqa.selenium.remote.RemoteWebDriver.startSession(RemoteWebDriver.java:216)
	at org.openqa.selenium.remote.RemoteWebDriver.<init>(RemoteWebDriver.java:111)
	at org.openqa.selenium.remote.RemoteWebDriver.<init>(RemoteWebDriver.java:129)
	at com.photon.phresco.Screens.BaseScreen.instantiateBrowser(BaseScreen.java:187)
	at com.photon.phresco.Screens.BaseScreen.initialize(BaseScreen.java:88)
	at com.photon.phresco.Screens.WebDriverAbstractBaseScreen.<init>(WebDriverAbstractBaseScreen.java:87)
	at com.photon.phresco.Screens.PhotonAbstractScreen.<init>(PhotonAbstractScreen.java:54)
	at com.photon.phresco.Screens.WelcomeScreen.<init>(WelcomeScreen.java:34)
	at com.photon.phresco.testcases.JavaWebServiceTest.setUp(JavaWebServiceTest.java:69)
	at java.util.concurrent.FutureTask.run(FutureTask.java:262)
	at java.util.concurrent.ThreadPoolExecutor.runWorker(ThreadPoolExecutor.java:1145)
	at java.util.concurrent.ThreadPoolExecutor$Worker.run(ThreadPoolExecutor.java:615)
	at java.lang.Thread.run(Thread.java:744)
Caused by: java.net.SocketTimeoutException: Read timed out
	at java.net.SocketInputStream.socketRead0(Native Method)
	at java.net.SocketInputStream.read(SocketInputStream.java:152)
	at java.net.SocketInputStream.read(SocketInputStream.java:122)
	at org.apache.http.impl.io.AbstractSessionInputBuffer.fillBuffer(AbstractSessionInputBuffer.java:160)
	at org.apache.http.impl.io.SocketInputBuffer.fillBuffer(SocketInputBuffer.java:84)
	at org.apache.http.impl.io.AbstractSessionInputBuffer.readLine(AbstractSessionInputBuffer.java:273)
	at org.apache.http.impl.conn.DefaultHttpResponseParser.parseHead(DefaultHttpResponseParser.java:140)
	at org.apache.http.impl.conn.DefaultHttpResponseParser.parseHead(DefaultHttpResponseParser.java:57)
	at org.apache.http.impl.io.AbstractMessageParser.parse(AbstractMessageParser.java:260)
	at org.apache.http.impl.AbstractHttpClientConnection.receiveResponseHeader(AbstractHttpClientConnection.java:283)
	at org.apache.http.impl.conn.DefaultClientConnection.receiveResponseHeader(DefaultClientConnection.java:251)
	at org.apache.http.impl.conn.AbstractClientConnAdapter.receiveResponseHeader(AbstractClientConnAdapter.java:223)
	at org.apache.http.protocol.HttpRequestExecutor.doReceiveResponse(HttpRequestExecutor.java:271)
	at org.apache.http.protocol.HttpRequestExecutor.execute(HttpRequestExecutor.java:123)
	at org.apache.http.impl.client.DefaultRequestDirector.tryExecute(DefaultRequestDirector.java:682)
	at org.apache.http.impl.client.DefaultRequestDirector.execute(DefaultRequestDirector.java:486)
	at org.apache.http.impl.client.AbstractHttpClient.doExecute(AbstractHttpClient.java:863)
	at org.apache.http.impl.client.CloseableHttpClient.execute(CloseableHttpClient.java:72)
	at org.apache.http.impl.client.CloseableHttpClient.execute(CloseableHttpClient.java:57)
	at org.openqa.selenium.remote.HttpCommandExecutor.fallBackExecute(HttpCommandExecutor.java:319)
	at org.openqa.selenium.remote.HttpCommandExecutor.execute(HttpCommandExecutor.java:298)
	at org.openqa.selenium.remote.RemoteWebDriver.execute(RemoteWebDriver.java:527)
	... 27 more
... Removed 14 stack frames]]>
    </failure>
  </testcase> <!-- @BeforeTest setUp -->
  <testcase name="@AfterClass tearDown" time="0.0" classname="com.photon.phresco.testcases.JavaWebServiceTest">
    <skipped/>
  </testcase> <!-- @AfterClass tearDown -->
  <testcase name="testNavigationCategories" time="0.0" classname="com.photon.phresco.testcases.JavaWebServiceTest">
    <skipped/>
  </testcase> <!-- testNavigationCategories -->
  <testcase name="testNavigationCategories1" time="0.0" classname="com.photon.phresco.testcases.JavaWebServiceTest">
    <skipped/>
  </testcase> <!-- testNavigationCategories1 -->
  <testcase name="testNavigationCategories2" time="0.0" classname="com.photon.phresco.testcases.JavaWebServiceTest">
    <skipped/>
  </testcase> <!-- testNavigationCategories2 -->
  <testcase name="testNavigationCategories3" time="0.0" classname="com.photon.phresco.testcases.JavaWebServiceTest">
    <skipped/>
  </testcase> <!-- testNavigationCategories3 -->
  <testcase name="testNavigationNewproducts" time="0.0" classname="com.photon.phresco.testcases.JavaWebServiceTest">
    <skipped/>
  </testcase> <!-- testNavigationNewproducts -->
  <testcase name="testNavigationProducts" time="0.0" classname="com.photon.phresco.testcases.JavaWebServiceTest">
    <skipped/>
  </testcase> <!-- testNavigationProducts -->
  <testcase name="testNavigationSearchComputer" time="0.0" classname="com.photon.phresco.testcases.JavaWebServiceTest">
    <skipped/>
  </testcase> <!-- testNavigationSearchComputer -->
  <testcase name="testNavigationSearchMobile" time="0.0" classname="com.photon.phresco.testcases.JavaWebServiceTest">
    <skipped/>
  </testcase> <!-- testNavigationSearchMobile -->
  <testcase name="testNavigationSpecialproducts" time="0.001" classname="com.photon.phresco.testcases.JavaWebServiceTest">
    <skipped/>
  </testcase> <!-- testNavigationSpecialproducts -->
  <testcase name="testNavigationWelcomepage" time="0.0" classname="com.photon.phresco.testcases.JavaWebServiceTest">
    <skipped/>
  </testcase> <!-- testNavigationWelcomepage -->
  <testcase name="testRestApiCategories" time="0.0" classname="com.photon.phresco.testcases.JavaWebServiceTest">
    <skipped/>
  </testcase> <!-- testRestApiCategories -->
</testsuite> <!-- VerifyWelcomePageOnfirefox -->
